[2016-10-03 19:06:43] START
[2016-10-03 19:11:01] EDIT fasis/models/menu.py: 0
[2016-10-07 16:34:32] EDIT fasis/private/appconfig.ini: 0
[2016-10-15 12:45:39] CREATE fasis_categories.py: 0
[2016-10-15 12:48:30] EDIT fasis/models/fasis_categories.py: 0
[2016-10-15 14:27:07] EDIT fasis/models/fasis_categories.py: 4
[2016-10-15 14:28:38] EDIT fasis/models/fasis_categories.py: 1
[2016-10-15 14:30:29] EDIT fasis/models/fasis_categories.py: 0
[2016-10-15 14:33:20] CREATE fasis_models.py: 0
[2016-10-15 14:33:45] EDIT fasis/models/fasis_models.py: 5
[2016-10-15 14:33:59] DELETE fasis/models/fasis_categories.py: -5
[2016-10-15 14:38:16] EDIT fasis/ABOUT: 2
[2016-10-15 14:45:27] CREATE fasis.py: 0
[2016-10-15 14:48:21] EDIT fasis/controllers/fasis.py: 12
[2016-10-15 18:25:23] EDIT fasis/models/fasis_models.py: 5
[2016-10-15 18:33:42] EDIT fasis/models/fasis_models.py: 16
[2016-10-15 18:37:40] EDIT fasis/models/fasis_models.py: 0
[2016-10-21 15:31:00] EDIT fasis/controllers/fasis.py: 1
[2016-10-21 15:43:17] EDIT fasis/models/menu.py: 0
[2016-10-21 15:47:16] EDIT fasis/controllers/default.py: 13
[2016-10-21 15:48:00] EDIT fasis/controllers/default.py: 0
[2016-10-21 15:49:10] EDIT fasis/controllers/default.py: 0
[2016-10-21 16:00:14] EDIT fasis/views/default/index.html: 0
[2016-10-21 16:00:45] EDIT fasis/views/default/index.html: 0
[2016-10-21 16:02:36] EDIT fasis/views/default/index.html: 3
[2016-10-21 16:06:05] CREATE default/register_cust_categorie.html: 0
[2016-10-21 16:07:54] EDIT fasis/views/default/index.html: 0
[2016-10-21 16:37:47] EDIT fasis/controllers/default.py: 9
[2016-10-21 16:38:13] CREATE default/register_cust_type.html: 0
[2016-10-21 16:39:01] EDIT fasis/views/default/register_cust_type.html: 4
[2016-10-21 16:45:19] CREATE default/manage_customers.html: 0
[2016-10-21 16:46:09] EDIT fasis/views/default/manage_customers.html: 2
[2016-10-21 16:46:59] EDIT fasis/controllers/default.py: 4
[2016-10-21 16:47:59] EDIT fasis/controllers/default.py: 0
[2016-10-21 16:49:34] EDIT fasis/controllers/default.py: 0
[2016-10-21 17:13:54] EDIT fasis/views/default/register_cust_categorie.html: 3
[2016-10-21 17:14:07] EDIT fasis/views/default/register_cust_type.html: -1
[2016-10-21 17:14:26] EDIT fasis/views/default/manage_customers.html: -1
[2016-10-21 17:17:02] EDIT fasis/views/default/manage_customers.html: 0
[2016-10-21 17:35:48] EDIT fasis/controllers/default.py: -6
[2016-10-21 17:36:49] EDIT fasis/views/default/register_cust_type.html: -2
[2016-10-21 17:41:27] EDIT fasis/views/default/register_cust_type.html: 0
[2016-10-21 17:42:09] EDIT fasis/controllers/default.py: -6
[2016-10-21 17:42:17] EDIT fasis/controllers/default.py: 0
[2016-10-21 17:43:18] EDIT fasis/views/default/register_cust_categorie.html: -2
[2016-10-21 17:43:46] EDIT fasis/views/default/register_cust_type.html: 0
[2016-10-21 17:43:58] EDIT fasis/views/default/register_cust_categorie.html: 0
[2016-10-21 17:58:49] EDIT fasis/controllers/default.py: 0
[2016-10-21 18:00:09] EDIT fasis/controllers/default.py: 0
[2016-10-21 18:36:26] EDIT fasis/models/fasis_models.py: 3
[2016-10-21 18:44:53] EDIT fasis/controllers/default.py: 0
[2016-10-21 18:46:14] EDIT fasis/controllers/default.py: 3
[2016-10-21 18:48:38] EDIT fasis/controllers/default.py: 7
[2016-10-21 18:48:57] EDIT fasis/controllers/default.py: 0
[2016-10-21 18:54:46] EDIT fasis/controllers/default.py: 1
[2016-10-21 19:18:29] EDIT fasis/models/fasis_models.py: 0
[2016-10-21 19:22:21] EDIT fasis/models/fasis_models.py: 0
[2016-10-21 19:22:45] EDIT fasis/models/fasis_models.py: 0
[2016-10-21 19:29:41] EDIT fasis/models/fasis_models.py: 0
